<?xml version="1.0" encoding="UTF-8"?>
<!-- Generated by org.testng.reporters.JUnitReportReporter -->
<testsuite skipped="0" hostname="DESKTOP-2O6RHPG" name="pagesTestCasesYasasiiWeb.ERADTTestCasesYW" tests="1" failures="0" timestamp="2021-01-20T12:47:02 IST" time="11.809" errors="0">
  <testcase name="addERADTReg" time="11.809" classname="pagesTestCasesYasasiiWeb.ERADTTestCasesYW"/>
  <system-out/>
</testsuite> <!-- pagesTestCasesYasasiiWeb.ERADTTestCasesYW -->
