<?xml version="1.0" encoding="UTF-8"?>
<!-- Generated by org.testng.reporters.JUnitReportReporter -->
<testsuite skipped="0" hostname="DESKTOP-2O6RHPG" name="pagesTestCasesYasasiiWeb.MastersScheduleSettingsTestCasesYW" tests="1" failures="0" timestamp="2021-09-25T08:08:59 IST" time="33.326" errors="0">
  <testcase name="Schedulesettings" time="33.326" classname="pagesTestCasesYasasiiWeb.MastersScheduleSettingsTestCasesYW"/>
  <system-out/>
</testsuite> <!-- pagesTestCasesYasasiiWeb.MastersScheduleSettingsTestCasesYW -->
